<?xml version="1.0" encoding="UTF-8"?>
<testsuite name="HW1_CheckingPageTitle" tests="1" skipped="0" failures="0" errors="0" timestamp="2024-05-18T10:49:55" hostname="DESKTOP-1DVJC7B" time="5.646">
  <properties/>
  <testcase name="Проверка заголовка страницы" classname="HW1_CheckingPageTitle" time="5.646"/>
  <system-out><![CDATA[]]></system-out>
  <system-err><![CDATA[]]></system-err>
</testsuite>
